21:48:48.885 [main] INFO  com.mindtree.runner.AddingProductToWishList - Browser Opened
21:49:17.888 [main] INFO  com.mindtree.runner.AddingProductToWishList - Navigate to Url : https://www.bigsmall.in/
21:49:17.891 [main] INFO  com.mindtree.runner.AddingProductToWishList - Searching a Product
21:49:36.156 [main] INFO  com.mindtree.runner.AddingProductToWishList - Selecting second Product from Product List
21:49:59.829 [main] INFO  com.mindtree.runner.AddingProductToWishList - Getting Product name from Product page
21:49:59.897 [main] INFO  com.mindtree.runner.AddingProductToWishList - Clicking on Add to Cart Button
21:49:59.981 [main] INFO  com.mindtree.runner.AddingProductToWishList - Opening Cart
21:50:17.959 [main] INFO  com.mindtree.runner.AddingProductToWishList - Validating Product By Product Name
21:51:47.186 [main] INFO  com.mindtree.runner.AddingProductToWishList - Browser Opened
21:51:59.684 [main] INFO  com.mindtree.runner.AddingProductToWishList - Navigate to Url : https://www.bigsmall.in/
21:51:59.689 [main] INFO  com.mindtree.runner.AddingProductToWishList - Searching a Product
21:52:05.600 [main] INFO  com.mindtree.runner.AddingProductToWishList - Selecting second Product from Product List
21:52:15.194 [main] INFO  com.mindtree.runner.AddingProductToWishList - Browser Opened
21:52:49.186 [main] INFO  com.mindtree.runner.AddingProductToWishList - Navigate to Url : https://www.bigsmall.in/
21:52:49.193 [main] INFO  com.mindtree.runner.AddingProductToWishList - Searching a Product
21:53:05.665 [main] INFO  com.mindtree.runner.AddingProductToWishList - Selecting second Product from Product List
21:53:47.147 [main] INFO  com.mindtree.runner.AddingProductToWishList - Getting Product name from Product page
21:53:47.185 [main] INFO  com.mindtree.runner.AddingProductToWishList - Clicking on Add to Cart Button
21:53:47.301 [main] INFO  com.mindtree.runner.AddingProductToWishList - Opening Cart
21:54:15.158 [main] INFO  com.mindtree.runner.AddingProductToWishList - Validating Product By Product Name
21:54:39.867 [main] INFO  com.mindtree.runner.AddingProductToWishList - Browser Opened
21:55:11.273 [main] INFO  com.mindtree.runner.AddingProductToWishList - Navigate to Url : https://www.bigsmall.in/
21:55:11.276 [main] INFO  com.mindtree.runner.AddingProductToWishList - Searching a Product
21:55:20.150 [main] INFO  com.mindtree.runner.AddingProductToWishList - Selecting second Product from Product List
21:55:36.756 [main] INFO  com.mindtree.runner.AddingProductToWishList - Getting Product name from Product page
21:55:36.783 [main] INFO  com.mindtree.runner.AddingProductToWishList - Clicking on Add to Cart Button
21:55:36.866 [main] INFO  com.mindtree.runner.AddingProductToWishList - Opening Cart
21:55:57.027 [main] INFO  com.mindtree.runner.AddingProductToWishList - Validating Product By Product Name
21:56:46.033 [main] INFO  com.mindtree.runner.AddingProductToWishList - Browser Opened
21:57:36.033 [main] INFO  com.mindtree.runner.AddingProductToWishList - Navigate to Url : https://www.bigsmall.in/
21:57:36.043 [main] INFO  com.mindtree.runner.AddingProductToWishList - Searching a Product
21:57:59.733 [main] INFO  com.mindtree.runner.AddingProductToWishList - Selecting second Product from Product List
21:58:12.698 [main] INFO  com.mindtree.runner.AddingProductToWishList - Getting Product name from Product page
21:58:12.769 [main] INFO  com.mindtree.runner.AddingProductToWishList - Clicking on Add to Cart Button
21:58:12.874 [main] INFO  com.mindtree.runner.AddingProductToWishList - Opening Cart
21:58:12.948 [main] INFO  com.mindtree.runner.AddingProductToWishList - Validating Product By Product Name
22:00:54.947 [main] INFO  com.mindtree.runner.AddingProductToWishList - Browser Opened
22:01:45.186 [main] INFO  com.mindtree.runner.AddingProductToWishList - Navigate to Url : https://www.bigsmall.in/
22:01:45.189 [main] INFO  com.mindtree.runner.AddingProductToWishList - Searching a Product
22:02:07.655 [main] INFO  com.mindtree.runner.AddingProductToWishList - Selecting second Product from Product List
22:02:24.397 [main] INFO  com.mindtree.runner.AddingProductToWishList - Getting Product name from Product page
22:02:24.459 [main] INFO  com.mindtree.runner.AddingProductToWishList - Clicking on Add to Cart Button
22:02:24.547 [main] INFO  com.mindtree.runner.AddingProductToWishList - Opening Cart
22:02:24.624 [main] INFO  com.mindtree.runner.AddingProductToWishList - Validating Product By Product Name
22:03:52.266 [main] INFO  com.mindtree.runner.AddingProductToWishList - Browser Opened
22:04:30.135 [main] INFO  com.mindtree.runner.AddingProductToWishList - Navigate to Url : https://www.bigsmall.in/
22:04:30.138 [main] INFO  com.mindtree.runner.AddingProductToWishList - Searching a Product
22:04:45.700 [main] INFO  com.mindtree.runner.AddingProductToWishList - Selecting second Product from Product List
22:04:56.083 [main] INFO  com.mindtree.runner.AddingProductToWishList - Getting Product name from Product page
22:04:56.132 [main] INFO  com.mindtree.runner.AddingProductToWishList - Clicking on Add to Cart Button
22:04:56.222 [main] INFO  com.mindtree.runner.AddingProductToWishList - Opening Cart
22:04:56.326 [main] INFO  com.mindtree.runner.AddingProductToWishList - Validating Product By Product Name
22:06:41.562 [main] INFO  com.mindtree.runner.AddingProductToWishList - Browser Opened
22:06:58.076 [main] INFO  com.mindtree.runner.AddingProductToWishList - Navigate to Url : https://www.bigsmall.in/
22:06:58.078 [main] INFO  com.mindtree.runner.AddingProductToWishList - Searching a Product
22:07:18.705 [main] INFO  com.mindtree.runner.AddingProductToWishList - Selecting second Product from Product List
22:07:31.201 [main] INFO  com.mindtree.runner.AddingProductToWishList - Getting Product name from Product page
22:07:31.257 [main] INFO  com.mindtree.runner.AddingProductToWishList - Clicking on Add to Cart Button
22:07:31.351 [main] INFO  com.mindtree.runner.AddingProductToWishList - Opening Cart
22:07:31.434 [main] INFO  com.mindtree.runner.AddingProductToWishList - Validating Product By Product Name
22:08:32.658 [main] INFO  com.mindtree.runner.AddingProductToWishList - Browser Opened
22:09:11.159 [main] INFO  com.mindtree.runner.AddingProductToWishList - Navigate to Url : https://www.bigsmall.in/
22:09:11.162 [main] INFO  com.mindtree.runner.AddingProductToWishList - Searching a Product
22:09:23.103 [main] INFO  com.mindtree.runner.AddingProductToWishList - Selecting second Product from Product List
22:09:31.836 [main] INFO  com.mindtree.runner.AddingProductToWishList - Getting Product name from Product page
22:09:31.963 [main] INFO  com.mindtree.runner.AddingProductToWishList - Clicking on Add to Cart Button
22:09:32.093 [main] INFO  com.mindtree.runner.AddingProductToWishList - Opening Cart
22:09:32.285 [main] INFO  com.mindtree.runner.AddingProductToWishList - Validating Product By Product Name
22:09:32.337 [main] INFO  com.mindtree.runner.AddingProductToWishList - Name Matched
22:09:32.337 [main] INFO  com.mindtree.runner.AddingProductToWishList - Validating CheckOut Button
22:16:02.277 [main] INFO  com.mindtree.runner.AddingProductToWishList - Browser Opened
22:16:30.286 [main] INFO  com.mindtree.runner.AddingProductToWishList - Navigate to Url : https://www.bigsmall.in/
22:16:30.288 [main] INFO  com.mindtree.runner.AddingProductToWishList - Searching a Product
22:16:47.075 [main] INFO  com.mindtree.runner.AddingProductToWishList - Selecting second Product from Product List
22:16:58.478 [main] INFO  com.mindtree.runner.AddingProductToWishList - Getting Product name from Product page
22:16:58.585 [main] INFO  com.mindtree.runner.AddingProductToWishList - Clicking on Add to Cart Button
22:16:58.656 [main] INFO  com.mindtree.runner.AddingProductToWishList - Opening Cart
22:16:58.738 [main] INFO  com.mindtree.runner.AddingProductToWishList - Validating Product By Product Name
22:16:58.769 [main] INFO  com.mindtree.runner.AddingProductToWishList - Name Matched
22:16:58.769 [main] INFO  com.mindtree.runner.AddingProductToWishList - Validating CheckOut Button
22:19:21.001 [main] INFO  com.mindtree.runner.AddingProductToWishList - Browser Opened
22:22:23.201 [main] INFO  com.mindtree.runner.AddingProductToWishList - Browser Opened
22:24:07.397 [main] INFO  com.mindtree.runner.AddingProductToWishList - Browser Opened
22:26:25.235 [main] INFO  com.mindtree.runner.AddingProductToWishList - Navigate to Url : https://www.bigsmall.in/
22:26:25.238 [main] INFO  com.mindtree.runner.AddingProductToWishList - Searching a Product
22:26:32.971 [main] INFO  com.mindtree.runner.AddingProductToWishList - Selecting second Product from Product List
22:26:39.994 [main] INFO  com.mindtree.runner.AddingProductToWishList - Browser Opened
22:27:03.904 [main] INFO  com.mindtree.runner.AddingProductToWishList - Navigate to Url : https://www.bigsmall.in/
22:27:03.908 [main] INFO  com.mindtree.runner.AddingProductToWishList - Searching a Product
22:27:09.004 [main] INFO  com.mindtree.runner.AddingProductToWishList - Selecting second Product from Product List
22:27:31.422 [main] INFO  com.mindtree.runner.AddingProductToWishList - Getting Product name from Product page
22:27:31.504 [main] INFO  com.mindtree.runner.AddingProductToWishList - Clicking on Add to Cart Button
22:27:31.593 [main] INFO  com.mindtree.runner.AddingProductToWishList - Opening Cart
22:27:31.735 [main] INFO  com.mindtree.runner.AddingProductToWishList - Validating Product By Product Name
22:27:31.774 [main] INFO  com.mindtree.runner.AddingProductToWishList - Name Matched
22:27:31.774 [main] INFO  com.mindtree.runner.AddingProductToWishList - Validating CheckOut Button
22:32:33.254 [main] INFO  com.mindtree.runner.AddingProductToWishList - Browser Opened
22:32:50.794 [main] INFO  com.mindtree.runner.AddingProductToWishList - Navigate to Url : https://www.bigsmall.in/
22:32:50.797 [main] INFO  com.mindtree.runner.AddingProductToWishList - Searching a Product
22:32:57.190 [main] INFO  com.mindtree.runner.AddingProductToWishList - Selecting second Product from Product List
22:33:18.466 [main] INFO  com.mindtree.runner.AddingProductToWishList - Getting Product name from Product page
22:33:18.528 [main] INFO  com.mindtree.runner.AddingProductToWishList - Clicking on Add to Cart Button
22:33:18.628 [main] INFO  com.mindtree.runner.AddingProductToWishList - Opening Cart
22:33:18.699 [main] INFO  com.mindtree.runner.AddingProductToWishList - Validating Product By Product Name
22:33:18.737 [main] INFO  com.mindtree.runner.AddingProductToWishList - Name Matched
22:33:18.737 [main] INFO  com.mindtree.runner.AddingProductToWishList - Validating CheckOut Button
22:34:19.243 [main] INFO  com.mindtree.runner.AddingProductToWishList - Browser Opened
22:34:44.036 [main] INFO  com.mindtree.runner.AddingProductToWishList - Navigate to Url : https://www.bigsmall.in/
22:34:44.039 [main] INFO  com.mindtree.runner.AddingProductToWishList - Searching a Product
22:34:49.226 [main] INFO  com.mindtree.runner.AddingProductToWishList - Selecting second Product from Product List
22:35:18.813 [main] INFO  com.mindtree.runner.AddingProductToWishList - Getting Product name from Product page
22:35:18.846 [main] INFO  com.mindtree.runner.AddingProductToWishList - Clicking on Add to Cart Button
22:35:18.922 [main] INFO  com.mindtree.runner.AddingProductToWishList - Opening Cart
22:35:18.922 [main] INFO  com.mindtree.runner.AddingProductToWishList - Validating Product By Product Name
22:35:18.948 [main] INFO  com.mindtree.runner.AddingProductToWishList - Name Matched
22:35:18.948 [main] INFO  com.mindtree.runner.AddingProductToWishList - Validating CheckOut Button
22:37:11.313 [main] INFO  com.mindtree.runner.AddingProductToWishList - Browser Opened
22:38:32.724 [main] INFO  com.mindtree.runner.AddingProductToWishList - Browser Opened
22:39:31.033 [main] INFO  com.mindtree.runner.AddingProductToWishList - Navigate to Url : https://www.bigsmall.in/
22:39:31.037 [main] INFO  com.mindtree.runner.AddingProductToWishList - Searching a Product
22:40:31.885 [main] INFO  com.mindtree.runner.AddingProductToWishList - Selecting second Product from Product List
22:42:49.262 [main] INFO  com.mindtree.runner.AddingProductToWishList - Getting Product name from Product page
22:42:49.293 [main] INFO  com.mindtree.runner.AddingProductToWishList - Clicking on Add to Cart Button
22:42:49.368 [main] INFO  com.mindtree.runner.AddingProductToWishList - Opening Cart
22:42:49.368 [main] INFO  com.mindtree.runner.AddingProductToWishList - Validating Product By Product Name
22:45:08.874 [main] INFO  com.mindtree.runner.AddingProductToWishList - Browser Opened
22:45:29.901 [main] INFO  com.mindtree.runner.AddingProductToWishList - Navigate to Url : https://www.bigsmall.in/
22:45:29.905 [main] INFO  com.mindtree.runner.AddingProductToWishList - Searching a Product
22:45:35.640 [main] INFO  com.mindtree.runner.AddingProductToWishList - Selecting second Product from Product List
22:45:54.971 [main] INFO  com.mindtree.runner.AddingProductToWishList - Browser Opened
22:46:09.638 [main] INFO  com.mindtree.runner.AddingProductToWishList - Navigate to Url : https://www.bigsmall.in/
22:46:09.642 [main] INFO  com.mindtree.runner.AddingProductToWishList - Searching a Product
22:46:17.312 [main] INFO  com.mindtree.runner.AddingProductToWishList - Selecting second Product from Product List
22:46:24.188 [main] INFO  com.mindtree.runner.AddingProductToWishList - Getting Product name from Product page
22:46:24.293 [main] INFO  com.mindtree.runner.AddingProductToWishList - Clicking on Add to Cart Button
22:46:24.389 [main] INFO  com.mindtree.runner.AddingProductToWishList - Opening Cart
22:46:24.389 [main] INFO  com.mindtree.runner.AddingProductToWishList - Validating Product By Product Name
22:46:24.458 [main] INFO  com.mindtree.runner.AddingProductToWishList - Name Matched
22:46:24.458 [main] INFO  com.mindtree.runner.AddingProductToWishList - Validating CheckOut Button
22:46:28.559 [main] INFO  com.mindtree.runner.AddingProductToWishList - Captain America Rakhi Gift Set Item Succefully added To Cart
22:48:37.644 [main] INFO  com.mindtree.runner.AddingProductToWishList - Browser Opened
22:49:05.764 [main] INFO  com.mindtree.runner.AddingProductToWishList - Navigate to Url : https://www.bigsmall.in/
22:49:05.767 [main] INFO  com.mindtree.runner.AddingProductToWishList - Searching a Product
22:49:19.573 [main] INFO  com.mindtree.runner.AddingProductToWishList - Selecting second Product from Product List
22:49:28.443 [main] INFO  com.mindtree.runner.AddingProductToWishList - Getting Product name from Product page
22:49:28.485 [main] INFO  com.mindtree.runner.AddingProductToWishList - Clicking on Add to Cart Button
22:49:28.567 [main] INFO  com.mindtree.runner.AddingProductToWishList - Opening Cart
22:49:28.636 [main] INFO  com.mindtree.runner.AddingProductToWishList - Validating Product By Product Name
22:50:27.039 [main] INFO  com.mindtree.runner.AddingProductToWishList - Browser Opened
22:50:42.485 [main] INFO  com.mindtree.runner.AddingProductToWishList - Navigate to Url : https://www.bigsmall.in/
22:50:42.488 [main] INFO  com.mindtree.runner.AddingProductToWishList - Searching a Product
22:50:52.358 [main] INFO  com.mindtree.runner.AddingProductToWishList - Selecting second Product from Product List
22:51:09.343 [main] INFO  com.mindtree.runner.AddingProductToWishList - Getting Product name from Product page
22:51:09.393 [main] INFO  com.mindtree.runner.AddingProductToWishList - Clicking on Add to Cart Button
22:51:09.498 [main] INFO  com.mindtree.runner.AddingProductToWishList - Opening Cart
22:51:09.564 [main] INFO  com.mindtree.runner.AddingProductToWishList - Validating Product By Product Name
22:51:54.050 [main] INFO  com.mindtree.runner.AddingProductToWishList - Browser Opened
22:52:15.061 [main] INFO  com.mindtree.runner.AddingProductToWishList - Navigate to Url : https://www.bigsmall.in/
22:52:15.064 [main] INFO  com.mindtree.runner.AddingProductToWishList - Searching a Product
22:52:55.371 [main] INFO  com.mindtree.runner.AddingProductToWishList - Selecting second Product from Product List
22:53:21.683 [main] INFO  com.mindtree.runner.AddingProductToWishList - Getting Product name from Product page
22:53:21.709 [main] INFO  com.mindtree.runner.AddingProductToWishList - Clicking on Add to Cart Button
22:53:21.790 [main] INFO  com.mindtree.runner.AddingProductToWishList - Opening Cart
22:53:21.860 [main] INFO  com.mindtree.runner.AddingProductToWishList - Validating Product By Product Name
22:53:24.923 [main] INFO  com.mindtree.runner.AddingProductToWishList - Name Matched
22:53:24.923 [main] INFO  com.mindtree.runner.AddingProductToWishList - Validating CheckOut Button
22:53:28.021 [main] INFO  com.mindtree.runner.AddingProductToWishList - Captain America Rakhi Gift Set Item Succefully added To Cart
22:54:18.205 [main] INFO  com.mindtree.runner.AddingProductToWishList - Browser Opened
22:55:34.539 [main] INFO  com.mindtree.runner.AddingProductToWishList - Browser Opened
22:55:50.113 [main] INFO  com.mindtree.runner.AddingProductToWishList - Navigate to Url : https://www.bigsmall.in/
22:55:50.117 [main] INFO  com.mindtree.runner.AddingProductToWishList - Searching a Product
22:56:24.841 [main] INFO  com.mindtree.runner.AddingProductToWishList - Selecting second Product from Product List
22:56:33.381 [main] INFO  com.mindtree.runner.AddingProductToWishList - Getting Product name from Product page
22:56:33.407 [main] INFO  com.mindtree.runner.AddingProductToWishList - Clicking on Add to Cart Button
22:56:33.554 [main] INFO  com.mindtree.runner.AddingProductToWishList - Opening Cart
22:56:33.627 [main] INFO  com.mindtree.runner.AddingProductToWishList - Validating Product By Product Name
22:56:36.678 [main] INFO  com.mindtree.runner.AddingProductToWishList - Name Matched
22:56:36.678 [main] INFO  com.mindtree.runner.AddingProductToWishList - Validating CheckOut Button
22:56:36.748 [main] INFO  com.mindtree.runner.AddingProductToWishList - Captain America Rakhi Gift Set Item Succefully added To Cart
02:04:53.036 [main] INFO  com.mindtree.runner.AddingProductToWishList - Browser Opened
02:05:08.665 [main] INFO  com.mindtree.runner.AddingProductToWishList - Navigate to Url : https://www.bigsmall.in/
02:05:08.672 [main] INFO  com.mindtree.runner.AddingProductToWishList - sending keys to search Box
02:05:13.283 [main] INFO  com.mindtree.runner.AddingProductToWishList - Selecting first product from  searchList
02:05:19.288 [main] INFO  com.mindtree.runner.AddingProductToWishList - adding on WishList
02:05:21.536 [main] INFO  com.mindtree.runner.AddingProductToWishList - Opening WishList Section
02:05:26.788 [main] INFO  com.mindtree.runner.AddingProductToWishList - Accepting welcome Message
02:05:27.203 [main] INFO  com.mindtree.runner.AddingProductToWishList - Checking product is added to wishlist or not
02:05:47.431 [main] INFO  com.mindtree.runner.AddingProductToWishList - Browser Opened
02:05:58.776 [main] INFO  com.mindtree.runner.AddingProductToWishList - Navigate to Url : https://www.bigsmall.in/
02:05:58.783 [main] INFO  com.mindtree.runner.AddingProductToWishList - Searching a Product
02:06:03.846 [main] INFO  com.mindtree.runner.AddingProductToWishList - Selecting second Product from Product List
02:06:08.531 [main] INFO  com.mindtree.runner.AddingProductToWishList - Getting Product name from Product page
02:06:08.680 [main] INFO  com.mindtree.runner.AddingProductToWishList - Clicking on Add to Cart Button
02:06:08.769 [main] INFO  com.mindtree.runner.AddingProductToWishList - Opening Cart
02:06:08.934 [main] INFO  com.mindtree.runner.AddingProductToWishList - Validating Product By Product Name
02:06:11.965 [main] INFO  com.mindtree.runner.AddingProductToWishList - Name Matched
02:06:11.965 [main] INFO  com.mindtree.runner.AddingProductToWishList - Validating CheckOut Button
02:06:12.004 [main] INFO  com.mindtree.runner.AddingProductToWishList - Captain America Cartoon Socks Item Succefully added To Cart
02:43:52.668 [main] INFO  com.mindtree.runner.AddingProductToWishList - Browser Opened
02:44:05.951 [main] INFO  com.mindtree.runner.AddingProductToWishList - Navigate to Url : https://www.bigsmall.in/
02:44:05.972 [main] INFO  com.mindtree.runner.AddingProductToWishList - sending keys to search Box
02:44:11.536 [main] INFO  com.mindtree.runner.AddingProductToWishList - Selecting first product from  searchList
02:44:19.417 [main] INFO  com.mindtree.runner.AddingProductToWishList - adding on WishList
02:44:19.788 [main] INFO  com.mindtree.runner.AddingProductToWishList - Opening WishList Section
02:44:25.333 [main] INFO  com.mindtree.runner.AddingProductToWishList - Accepting welcome Message
02:44:25.923 [main] INFO  com.mindtree.runner.AddingProductToWishList - Checking product is added to wishlist or not
02:44:58.087 [main] INFO  com.mindtree.runner.AddingProductToWishList - Browser Opened
02:46:52.306 [main] INFO  com.mindtree.runner.AddingProductToWishList - Navigate to Url : https://www.bigsmall.in/
02:46:52.331 [main] INFO  com.mindtree.runner.AddingProductToWishList - Searching a Product
02:46:57.760 [main] INFO  com.mindtree.runner.AddingProductToWishList - Selecting second Product from Product List
02:47:03.676 [main] INFO  com.mindtree.runner.AddingProductToWishList - Getting Product name from Product page
02:47:04.097 [main] INFO  com.mindtree.runner.AddingProductToWishList - Clicking on Add to Cart Button
02:47:04.441 [main] INFO  com.mindtree.runner.AddingProductToWishList - Opening Cart
02:47:04.695 [main] INFO  com.mindtree.runner.AddingProductToWishList - Validating Product By Product Name
02:47:07.770 [main] INFO  com.mindtree.runner.AddingProductToWishList - Name Matched
02:47:07.770 [main] INFO  com.mindtree.runner.AddingProductToWishList - Validating CheckOut Button
02:47:07.842 [main] INFO  com.mindtree.runner.AddingProductToWishList - Captain America Cartoon Socks Item Succefully added To Cart
15:07:34.177 [main] INFO  com.mindtree.runner.AddingProductToWishList - Browser Opened
15:07:52.469 [main] INFO  com.mindtree.runner.AddingProductToWishList - Navigate to Url : https://www.bigsmall.in/
15:07:52.502 [main] INFO  com.mindtree.runner.AddingProductToWishList - sending keys to search Box
15:07:58.511 [main] INFO  com.mindtree.runner.AddingProductToWishList - Selecting first product from  searchList
15:08:06.762 [main] INFO  com.mindtree.runner.AddingProductToWishList - adding on WishList
15:08:09.326 [main] INFO  com.mindtree.runner.AddingProductToWishList - Opening WishList Section
15:08:16.333 [main] INFO  com.mindtree.runner.AddingProductToWishList - Accepting welcome Message
15:08:17.069 [main] INFO  com.mindtree.runner.AddingProductToWishList - Checking product is added to wishlist or not
15:08:17.604 [main] INFO  com.mindtree.runner.AddingProductToWishList - Item successfully addtd to wishList
15:08:59.215 [main] INFO  com.mindtree.runner.AddingProductToWishList - Browser Opened
15:09:13.176 [main] INFO  com.mindtree.runner.AddingProductToWishList - Navigate to Url : https://www.bigsmall.in/
15:09:13.191 [main] INFO  com.mindtree.runner.AddingProductToWishList - Searching a Product
15:09:25.760 [main] INFO  com.mindtree.runner.AddingProductToWishList - Selecting second Product from Product List
15:09:36.268 [main] INFO  com.mindtree.runner.AddingProductToWishList - Getting Product name from Product page
15:09:36.625 [main] INFO  com.mindtree.runner.AddingProductToWishList - Clicking on Add to Cart Button
15:09:36.812 [main] INFO  com.mindtree.runner.AddingProductToWishList - Opening Cart
15:09:37.011 [main] INFO  com.mindtree.runner.AddingProductToWishList - Validating Product By Product Name
15:09:40.095 [main] INFO  com.mindtree.runner.AddingProductToWishList - Name Matched
15:09:40.096 [main] INFO  com.mindtree.runner.AddingProductToWishList - Validating CheckOut Button
15:09:40.206 [main] INFO  com.mindtree.runner.AddingProductToWishList - Captain America Cartoon Socks Item Succefully added To Cart
15:45:06.649 [main] INFO  com.mindtree.runner.AddingProductToWishList - Browser Opened
15:45:16.589 [main] INFO  com.mindtree.runner.AddingProductToWishList - Navigate to Url : https://www.bigsmall.in/
15:45:16.596 [main] INFO  com.mindtree.runner.AddingProductToWishList - sending keys to search Box
15:45:20.285 [main] INFO  com.mindtree.runner.AddingProductToWishList - Selecting first product from  searchList
15:45:25.449 [main] INFO  com.mindtree.runner.AddingProductToWishList - adding on WishList
15:45:25.661 [main] INFO  com.mindtree.runner.AddingProductToWishList - Opening WishList Section
15:45:29.843 [main] INFO  com.mindtree.runner.AddingProductToWishList - Accepting welcome Message
15:45:30.292 [main] INFO  com.mindtree.runner.AddingProductToWishList - Checking product is added to wishlist or not
15:45:31.025 [main] INFO  com.mindtree.runner.AddingProductToWishList - Item successfully addtd to wishList
15:45:55.279 [main] INFO  com.mindtree.runner.AddingProductToWishList - Browser Opened
15:46:06.229 [main] INFO  com.mindtree.runner.AddingProductToWishList - Navigate to Url : https://www.bigsmall.in/
15:46:06.236 [main] INFO  com.mindtree.runner.AddingProductToWishList - Searching a Product
15:46:11.114 [main] INFO  com.mindtree.runner.AddingProductToWishList - Selecting second Product from Product List
15:46:20.015 [main] INFO  com.mindtree.runner.AddingProductToWishList - Getting Product name from Product page
15:46:20.058 [main] INFO  com.mindtree.runner.AddingProductToWishList - Clicking on Add to Cart Button
15:46:20.123 [main] INFO  com.mindtree.runner.AddingProductToWishList - Opening Cart
15:46:20.199 [main] INFO  com.mindtree.runner.AddingProductToWishList - Validating Product By Product Name
15:46:23.230 [main] INFO  com.mindtree.runner.AddingProductToWishList - Name Matched
15:46:23.232 [main] INFO  com.mindtree.runner.AddingProductToWishList - Validating CheckOut Button
15:46:23.273 [main] INFO  com.mindtree.runner.AddingProductToWishList - Captain America Cartoon Socks Item Succefully added To Cart
